#
# There is insufficient memory for the Java Runtime Environment to continue.
# Native memory allocation (mmap) failed to map 1048576 bytes for Failed to commit area from 0x000000074de00000 to 0x000000074df00000 of length 1048576.
# Possible reasons:
#   The system is out of physical RAM or swap space
#   The process is running with CompressedOops enabled, and the Java Heap may be blocking the growth of the native heap
# Possible solutions:
#   Reduce memory load on the system
#   Increase physical memory or swap space
#   Check if swap backing store is full
#   Decrease Java heap size (-Xmx/-Xms)
#   Decrease number of Java threads
#   Decrease Java thread stack sizes (-Xss)
#   Set larger code cache with -XX:ReservedCodeCacheSize=
#   JVM is running with Zero Based Compressed Oops mode in which the Java heap is
#     placed in the first 32GB address space. The Java Heap base address is the
#     maximum limit for the native heap growth. Please use -XX:HeapBaseMinAddress
#     to set the Java Heap base and to place the Java Heap above 32GB virtual address.
# This output file may be truncated or incomplete.
#
#  Out of Memory Error (t:/workspace/open/src/hotspot/os/windows/os_windows.cpp:3269), pid=9928, tid=13348
#
# JRE version: Java(TM) SE Runtime Environment (11.0.1+13) (build 11.0.1+13-LTS)
# Java VM: Java HotSpot(TM) 64-Bit Server VM (11.0.1+13-LTS, mixed mode, tiered, compressed oops, g1 gc, windows-amd64)
# No core dump will be written. Minidumps are not enabled by default on client versions of Windows
#

---------------  S U M M A R Y ------------

Command Line: -javaagent:J:\Program Files\JetBrains\apps\IDEA-U\ch-0\191.6707.61\lib\idea_rt.jar=51456:J:\Program Files\JetBrains\apps\IDEA-U\ch-0\191.6707.61\bin -Dfile.encoding=UTF-8 Life_swing

Host: Intel(R) Core(TM) i5-4460  CPU @ 3.20GHz, 4 cores, 11G,  Windows 10 , 64 bit Build 17763 (10.0.17763.437)
Time: Wed May  1 23:29:44 2019 ?D1¨²¡À¨º¡Á?¨º¡À?? elapsed time: 8 seconds (0d 0h 0m 8s)

---------------  T H R E A D  ---------------

Current thread (0x00000227fa7bd000):  JavaThread "AWT-EventQueue-0" [_thread_in_vm, id=13348, stack(0x0000002ca3d00000,0x0000002ca3e00000)]

Stack: [0x0000002ca3d00000,0x0000002ca3e00000]
Native frames: (J=compiled Java code, j=interpreted, Vv=VM code, C=native code)
V  [jvm.dll+0x63c21a]
V  [jvm.dll+0x7797df]
V  [jvm.dll+0x77adca]
V  [jvm.dll+0x77b483]
V  [jvm.dll+0x2627f8]
V  [jvm.dll+0x6396ca]
V  [jvm.dll+0x62dfa5]
V  [jvm.dll+0x31699c]
V  [jvm.dll+0x316822]
V  [jvm.dll+0x31c096]
V  [jvm.dll+0x36842f]
V  [jvm.dll+0x367e50]
V  [jvm.dll+0x2f40ea]
V  [jvm.dll+0x2efc8f]
V  [jvm.dll+0x5d1432]
V  [jvm.dll+0x5d0d7f]
V  [jvm.dll+0x207f4d]
V  [jvm.dll+0x7512eb]
V  [jvm.dll+0x38b5af]
C  0x00000227e05cf337

Java frames: (J=compiled Java code, j=interpreted, Vv=VM code)
j  java.awt.image.DataBufferInt.<init>(I)V+11 java.desktop@11.0.1
j  java.awt.image.Raster.createPackedRaster(III[ILjava/awt/Point;)Ljava/awt/image/WritableRaster;+69 java.desktop@11.0.1
j  java.awt.image.DirectColorModel.createCompatibleWritableRaster(II)Ljava/awt/image/WritableRaster;+83 java.desktop@11.0.1
j  java.awt.GraphicsConfiguration.createCompatibleImage(II)Ljava/awt/image/BufferedImage;+8 java.desktop@11.0.1
j  java.awt.GraphicsConfiguration.createCompatibleImage(III)Ljava/awt/image/BufferedImage;+14 java.desktop@11.0.1
j  sun.awt.image.SunVolatileImage.getBackupImage(DD)Ljava/awt/image/BufferedImage;+36 java.desktop@11.0.1
J 2302 c1 sun.awt.image.VolatileSurfaceManager.getBackupSurface()Lsun/java2d/SurfaceData; java.desktop@11.0.1 (74 bytes) @ 0x00000227e0f8d354 [0x00000227e0f8d160+0x00000000000001f4]
J 2267 c1 sun.awt.image.VolatileSurfaceManager.validate(Ljava/awt/GraphicsConfiguration;)I java.desktop@11.0.1 (213 bytes) @ 0x00000227e0f6e1cc [0x00000227e0f6d720+0x0000000000000aac]
J 2266 c1 sun.awt.image.SunVolatileImage.validate(Ljava/awt/GraphicsConfiguration;)I java.desktop@11.0.1 (9 bytes) @ 0x00000227e0f6d2c4 [0x00000227e0f6d1c0+0x0000000000000104]
J 2229 c1 javax.swing.RepaintManager$PaintManager.paint(Ljavax/swing/JComponent;Ljavax/swing/JComponent;Ljava/awt/Graphics;IIII)Z java.desktop@11.0.1 (201 bytes) @ 0x00000227e0f5468c [0x00000227e0f53ea0+0x00000000000007ec]
J 2252 c1 javax.swing.RepaintManager.paint(Ljavax/swing/JComponent;Ljavax/swing/JComponent;Ljava/awt/Graphics;IIII)V java.desktop@11.0.1 (93 bytes) @ 0x00000227e0f6814c [0x00000227e0f67cc0+0x000000000000048c]
J 2240 c1 javax.swing.JComponent._paintImmediately(IIII)V java.desktop@11.0.1 (891 bytes) @ 0x00000227e0f5e98c [0x00000227e0f5ba20+0x0000000000002f6c]
J 2277 c1 javax.swing.JComponent.paintImmediately(IIII)V java.desktop@11.0.1 (155 bytes) @ 0x00000227e0f7ba2c [0x00000227e0f7abc0+0x0000000000000e6c]
J 2225 c1 javax.swing.RepaintManager$4.run()Ljava/lang/Void; java.desktop@11.0.1 (277 bytes) @ 0x00000227e0f516bc [0x00000227e0f50fa0+0x000000000000071c]
J 2224 c1 javax.swing.RepaintManager$4.run()Ljava/lang/Object; java.desktop@11.0.1 (5 bytes) @ 0x00000227e0f50ac4 [0x00000227e0f50a40+0x0000000000000084]
v  ~StubRoutines::call_stub
J 1241  java.security.AccessController.doPrivileged(Ljava/security/PrivilegedAction;Ljava/security/AccessControlContext;)Ljava/lang/Object; java.base@11.0.1 (0 bytes) @ 0x00000227e8112136 [0x00000227e81120c0+0x0000000000000076]
J 1527 c1 javax.swing.RepaintManager.paintDirtyRegions(Ljava/util/Map;)V java.desktop@11.0.1 (196 bytes) @ 0x00000227e0df7f64 [0x00000227e0df6ca0+0x00000000000012c4]
J 1526 c1 javax.swing.RepaintManager.paintDirtyRegions()V java.desktop@11.0.1 (50 bytes) @ 0x00000227e0df98ac [0x00000227e0df95e0+0x00000000000002cc]
J 2016 c1 javax.swing.RepaintManager.prePaintDirtyRegions()V java.desktop@11.0.1 (91 bytes) @ 0x00000227e0ed95dc [0x00000227e0ed8f60+0x000000000000067c]
J 2084 c1 javax.swing.RepaintManager$ProcessingRunnable.run()V java.desktop@11.0.1 (41 bytes) @ 0x00000227e0eff394 [0x00000227e0eff180+0x0000000000000214]
J 1679 c2 java.awt.event.InvocationEvent.dispatch()V java.desktop@11.0.1 (69 bytes) @ 0x00000227e81a4294 [0x00000227e81a4240+0x0000000000000054]
J 1600 c2 java.awt.EventQueue$4.run()Ljava/lang/Object; java.desktop@11.0.1 (5 bytes) @ 0x00000227e817a518 [0x00000227e817a100+0x0000000000000418]
v  ~StubRoutines::call_stub
J 1241  java.security.AccessController.doPrivileged(Ljava/security/PrivilegedAction;Ljava/security/AccessControlContext;)Ljava/lang/Object; java.base@11.0.1 (0 bytes) @ 0x00000227e8112136 [0x00000227e81120c0+0x0000000000000076]
J 1602 c2 java.awt.EventQueue.dispatchEvent(Ljava/awt/AWTEvent;)V java.desktop@11.0.1 (80 bytes) @ 0x00000227e817bb0c [0x00000227e817b7c0+0x000000000000034c]
J 1620 c2 java.awt.EventDispatchThread.pumpOneEventForFilters(I)V java.desktop@11.0.1 (113 bytes) @ 0x00000227e818e8e0 [0x00000227e818e6c0+0x0000000000000220]
j  java.awt.EventDispatchThread.pumpEventsForFilter(ILjava/awt/Conditional;Ljava/awt/EventFilter;)V+35 java.desktop@11.0.1
j  java.awt.EventDispatchThread.pumpEventsForHierarchy(ILjava/awt/Conditional;Ljava/awt/Component;)V+11 java.desktop@11.0.1
j  java.awt.EventDispatchThread.pumpEvents(ILjava/awt/Conditional;)V+4 java.desktop@11.0.1
j  java.awt.EventDispatchThread.pumpEvents(Ljava/awt/Conditional;)V+3 java.desktop@11.0.1
j  java.awt.EventDispatchThread.run()V+9 java.desktop@11.0.1
v  ~StubRoutines::call_stub

---------------  P R O C E S S  ---------------

Threads class SMR info:
_java_thread_list=0x0000022782342fd0, length=16, elements={
0x00000227d6ab6800, 0x00000227f9b83800, 0x00000227f9b84000, 0x00000227f9bf2000,
0x00000227f9356000, 0x00000227f9358800, 0x00000227f935b800, 0x00000227f9c5a000,
0x00000227f9d6b800, 0x00000227f9e5f800, 0x00000227f9e60800, 0x00000227fa1a0000,
0x00000227fa1bd800, 0x00000227fa1f2000, 0x00000227fa7bd000, 0x0000022782764000
}

Java Threads: ( => current thread )
  0x00000227d6ab6800 JavaThread "main" [_thread_blocked, id=12988, stack(0x0000002ca2600000,0x0000002ca2700000)]
  0x00000227f9b83800 JavaThread "Reference Handler" daemon [_thread_blocked, id=12092, stack(0x0000002ca2d00000,0x0000002ca2e00000)]
  0x00000227f9b84000 JavaThread "Finalizer" daemon [_thread_blocked, id=6444, stack(0x0000002ca2e00000,0x0000002ca2f00000)]
  0x00000227f9bf2000 JavaThread "Signal Dispatcher" daemon [_thread_blocked, id=292, stack(0x0000002ca2f00000,0x0000002ca3000000)]
  0x00000227f9356000 JavaThread "Attach Listener" daemon [_thread_blocked, id=12088, stack(0x0000002ca3000000,0x0000002ca3100000)]
  0x00000227f9358800 JavaThread "C2 CompilerThread0" daemon [_thread_blocked, id=10420, stack(0x0000002ca3100000,0x0000002ca3200000)]
  0x00000227f935b800 JavaThread "C1 CompilerThread0" daemon [_thread_blocked, id=8608, stack(0x0000002ca3200000,0x0000002ca3300000)]
  0x00000227f9c5a000 JavaThread "Sweeper thread" daemon [_thread_blocked, id=9912, stack(0x0000002ca3300000,0x0000002ca3400000)]
  0x00000227f9d6b800 JavaThread "Common-Cleaner" daemon [_thread_blocked, id=3012, stack(0x0000002ca3400000,0x0000002ca3500000)]
  0x00000227f9e5f800 JavaThread "Monitor Ctrl-Break" daemon [_thread_in_native, id=5840, stack(0x0000002ca3500000,0x0000002ca3600000)]
  0x00000227f9e60800 JavaThread "Service Thread" daemon [_thread_blocked, id=1984, stack(0x0000002ca3600000,0x0000002ca3700000)]
  0x00000227fa1a0000 JavaThread "Java2D Disposer" daemon [_thread_blocked, id=11372, stack(0x0000002ca3800000,0x0000002ca3900000)]
  0x00000227fa1bd800 JavaThread "AWT-Shutdown" [_thread_blocked, id=15244, stack(0x0000002ca3900000,0x0000002ca3a00000)]
  0x00000227fa1f2000 JavaThread "AWT-Windows" daemon [_thread_in_native, id=2232, stack(0x0000002ca3a00000,0x0000002ca3b00000)]
=>0x00000227fa7bd000 JavaThread "AWT-EventQueue-0" [_thread_in_vm, id=13348, stack(0x0000002ca3d00000,0x0000002ca3e00000)]
  0x0000022782764000 JavaThread "TimerQueue" daemon [_thread_blocked, id=16656, stack(0x0000002ca4800000,0x0000002ca4900000)]

Other Threads:
  0x00000227f934e000 VMThread "VM Thread" [stack: 0x0000002ca2c00000,0x0000002ca2d00000] [id=10612]
  0x00000227f9e62000 WatcherThread [stack: 0x0000002ca3700000,0x0000002ca3800000] [id=5880]
  0x00000227d6acd800 GCTaskThread "GC Thread#0" [stack: 0x0000002ca2700000,0x0000002ca2800000] [id=7104]
  0x00000227828cf000 GCTaskThread "GC Thread#1" [stack: 0x0000002ca4500000,0x0000002ca4600000] [id=11704]
  0x0000022782a01800 GCTaskThread "GC Thread#2" [stack: 0x0000002ca4600000,0x0000002ca4700000] [id=11244]
  0x00000227829ea800 GCTaskThread "GC Thread#3" [stack: 0x0000002ca4700000,0x0000002ca4800000] [id=13016]
  0x00000227d6b14000 ConcurrentGCThread "G1 Main Marker" [stack: 0x0000002ca2800000,0x0000002ca2900000] [id=836]
  0x00000227d6b16800 ConcurrentGCThread "G1 Conc#0" [stack: 0x0000002ca2900000,0x0000002ca2a00000] [id=8772]
  0x00000227d6b8e000 ConcurrentGCThread "G1 Refine#0" [stack: 0x0000002ca2a00000,0x0000002ca2b00000] [id=3344]
  0x00000227f91b7800 ConcurrentGCThread "G1 Young RemSet Sampling" [stack: 0x0000002ca2b00000,0x0000002ca2c00000] [id=7872]

Threads with active compile tasks:

VM state:not at safepoint (normal execution)

VM Mutex/Monitor currently owned by a thread:  ([mutex/lock_event])
[0x00000227d6ab4940] Heap_lock - owner thread: 0x00000227fa7bd000

Heap address: 0x0000000742000000, size: 3040 MB, Compressed Oops mode: Zero based, Oop shift amount: 3
Narrow klass base: 0x0000000800000000, Narrow klass shift: 0
Compressed class space size: 1073741824 Address: 0x0000000800000000

Heap:
 garbage-first heap   total 195584K, used 192997K [0x0000000742000000, 0x0000000800000000)
  region size 1024K, 111 young (113664K), 5 survivors (5120K)
 Metaspace       used 16644K, capacity 17081K, committed 17280K, reserved 1064960K
  class space    used 1693K, capacity 1889K, committed 1920K, reserved 1048576K
Heap Regions: E=young(eden), S=young(survivor), O=old, HS=humongous(starts), HC=humongous(continues), CS=collection set, F=free, A=archive, TAMS=top-at-mark-start (previous, next)
|   0|0x0000000742000000, 0x0000000742079600, 0x0000000742100000| 47%| O|  |TAMS 0x0000000742000000, 0x0000000742000000| Untracked 
|   1|0x0000000742100000, 0x0000000742200000, 0x0000000742200000|100%|HS|  |TAMS 0x0000000742100000, 0x0000000742100000| Complete 
|   2|0x0000000742200000, 0x0000000742300000, 0x0000000742300000|100%|HS|  |TAMS 0x0000000742200000, 0x0000000742200000| Complete 
|   3|0x0000000742300000, 0x0000000742400000, 0x0000000742400000|100%|HS|  |TAMS 0x0000000742300000, 0x0000000742300000| Complete 
|   4|0x0000000742400000, 0x0000000742500000, 0x0000000742500000|100%|HS|  |TAMS 0x0000000742400000, 0x0000000742400000| Complete 
|   5|0x0000000742500000, 0x0000000742600000, 0x0000000742600000|100%|HS|  |TAMS 0x0000000742500000, 0x0000000742500000| Complete 
|   6|0x0000000742600000, 0x0000000742700000, 0x0000000742700000|100%|HS|  |TAMS 0x0000000742600000, 0x0000000742600000| Complete 
|   7|0x0000000742700000, 0x0000000742800000, 0x0000000742800000|100%|HS|  |TAMS 0x0000000742700000, 0x0000000742700000| Complete 
|   8|0x0000000742800000, 0x0000000742900000, 0x0000000742900000|100%|HC|  |TAMS 0x0000000742800000, 0x0000000742800000| Complete 
|   9|0x0000000742900000, 0x0000000742a00000, 0x0000000742a00000|100%|HC|  |TAMS 0x0000000742900000, 0x0000000742900000| Complete 
|  10|0x0000000742a00000, 0x0000000742b00000, 0x0000000742b00000|100%|HC|  |TAMS 0x0000000742a00000, 0x0000000742a00000| Complete 
|  11|0x0000000742b00000, 0x0000000742c00000, 0x0000000742c00000|100%|HS|  |TAMS 0x0000000742b00000, 0x0000000742b00000| Complete 
|  12|0x0000000742c00000, 0x0000000742d00000, 0x0000000742d00000|100%|HS|  |TAMS 0x0000000742c00000, 0x0000000742c00000| Complete 
|  13|0x0000000742d00000, 0x0000000742e00000, 0x0000000742e00000|100%|HS|  |TAMS 0x0000000742d00000, 0x0000000742d00000| Complete 
|  14|0x0000000742e00000, 0x0000000742f00000, 0x0000000742f00000|100%|HS|  |TAMS 0x0000000742e00000, 0x0000000742e00000| Complete 
|  15|0x0000000742f00000, 0x0000000743000000, 0x0000000743000000|100%|HS|  |TAMS 0x0000000742f00000, 0x0000000742f00000| Complete 
|  16|0x0000000743000000, 0x0000000743100000, 0x0000000743100000|100%|HS|  |TAMS 0x0000000743000000, 0x0000000743000000| Complete 
|  17|0x0000000743100000, 0x0000000743200000, 0x0000000743200000|100%|HS|  |TAMS 0x0000000743100000, 0x0000000743100000| Complete 
|  18|0x0000000743200000, 0x0000000743300000, 0x0000000743300000|100%|HS|  |TAMS 0x0000000743200000, 0x0000000743200000| Complete 
|  19|0x0000000743300000, 0x0000000743400000, 0x0000000743400000|100%|HS|  |TAMS 0x0000000743300000, 0x0000000743300000| Complete 
|  20|0x0000000743400000, 0x0000000743500000, 0x0000000743500000|100%|HS|  |TAMS 0x0000000743400000, 0x0000000743400000| Complete 
|  21|0x0000000743500000, 0x0000000743600000, 0x0000000743600000|100%|HS|  |TAMS 0x0000000743500000, 0x0000000743500000| Complete 
|  22|0x0000000743600000, 0x0000000743700000, 0x0000000743700000|100%|HS|  |TAMS 0x0000000743600000, 0x0000000743600000| Complete 
|  23|0x0000000743700000, 0x0000000743800000, 0x0000000743800000|100%|HS|  |TAMS 0x0000000743700000, 0x0000000743700000| Complete 
|  24|0x0000000743800000, 0x0000000743900000, 0x0000000743900000|100%|HS|  |TAMS 0x0000000743800000, 0x0000000743800000| Complete 
|  25|0x0000000743900000, 0x0000000743a00000, 0x0000000743a00000|100%|HS|  |TAMS 0x0000000743900000, 0x0000000743900000| Complete 
|  26|0x0000000743a00000, 0x0000000743b00000, 0x0000000743b00000|100%|HS|  |TAMS 0x0000000743a00000, 0x0000000743a00000| Complete 
|  27|0x0000000743b00000, 0x0000000743c00000, 0x0000000743c00000|100%|HS|  |TAMS 0x0000000743b00000, 0x0000000743b00000| Complete 
|  28|0x0000000743c00000, 0x0000000743d00000, 0x0000000743d00000|100%|HS|  |TAMS 0x0000000743c00000, 0x0000000743c00000| Complete 
|  29|0x0000000743d00000, 0x0000000743e00000, 0x0000000743e00000|100%|HS|  |TAMS 0x0000000743d00000, 0x0000000743d00000| Complete 
|  30|0x0000000743e00000, 0x0000000743f00000, 0x0000000743f00000|100%|HS|  |TAMS 0x0000000743e00000, 0x0000000743e00000| Complete 
|  31|0x0000000743f00000, 0x0000000744000000, 0x0000000744000000|100%|HS|  |TAMS 0x0000000743f00000, 0x0000000743f00000| Complete 
|  32|0x0000000744000000, 0x0000000744100000, 0x0000000744100000|100%|HS|  |TAMS 0x0000000744000000, 0x0000000744000000| Complete 
|  33|0x0000000744100000, 0x0000000744200000, 0x0000000744200000|100%|HS|  |TAMS 0x0000000744100000, 0x0000000744100000| Complete 
|  34|0x0000000744200000, 0x0000000744300000, 0x0000000744300000|100%|HS|  |TAMS 0x0000000744200000, 0x0000000744200000| Complete 
|  35|0x0000000744300000, 0x0000000744400000, 0x0000000744400000|100%|HS|  |TAMS 0x0000000744300000, 0x0000000744300000| Complete 
|  36|0x0000000744400000, 0x0000000744500000, 0x0000000744500000|100%|HS|  |TAMS 0x0000000744400000, 0x0000000744400000| Complete 
|  37|0x0000000744500000, 0x0000000744600000, 0x0000000744600000|100%|HS|  |TAMS 0x0000000744500000, 0x0000000744500000| Complete 
|  38|0x0000000744600000, 0x0000000744700000, 0x0000000744700000|100%|HS|  |TAMS 0x0000000744600000, 0x0000000744600000| Complete 
|  39|0x0000000744700000, 0x0000000744800000, 0x0000000744800000|100%|HS|  |TAMS 0x0000000744700000, 0x0000000744700000| Complete 
|  40|0x0000000744800000, 0x0000000744900000, 0x0000000744900000|100%|HS|  |TAMS 0x0000000744800000, 0x0000000744800000| Complete 
|  41|0x0000000744900000, 0x0000000744a00000, 0x0000000744a00000|100%|HS|  |TAMS 0x0000000744900000, 0x0000000744900000| Complete 
|  42|0x0000000744a00000, 0x0000000744b00000, 0x0000000744b00000|100%|HS|  |TAMS 0x0000000744a00000, 0x0000000744a00000| Complete 
|  43|0x0000000744b00000, 0x0000000744c00000, 0x0000000744c00000|100%|HS|  |TAMS 0x0000000744b00000, 0x0000000744b00000| Complete 
|  44|0x0000000744c00000, 0x0000000744d00000, 0x0000000744d00000|100%|HS|  |TAMS 0x0000000744c00000, 0x0000000744c00000| Complete 
|  45|0x0000000744d00000, 0x0000000744e00000, 0x0000000744e00000|100%|HS|  |TAMS 0x0000000744d00000, 0x0000000744d00000| Complete 
|  46|0x0000000744e00000, 0x0000000744f00000, 0x0000000744f00000|100%|HS|  |TAMS 0x0000000744e00000, 0x0000000744e00000| Complete 
|  47|0x0000000744f00000, 0x0000000745000000, 0x0000000745000000|100%|HS|  |TAMS 0x0000000744f00000, 0x0000000744f00000| Complete 
|  48|0x0000000745000000, 0x0000000745100000, 0x0000000745100000|100%|HS|  |TAMS 0x0000000745000000, 0x0000000745000000| Complete 
|  49|0x0000000745100000, 0x0000000745200000, 0x0000000745200000|100%|HS|  |TAMS 0x0000000745100000, 0x0000000745100000| Complete 
|  50|0x0000000745200000, 0x0000000745300000, 0x0000000745300000|100%|HS|  |TAMS 0x0000000745200000, 0x0000000745200000| Complete 
|  51|0x0000000745300000, 0x0000000745400000, 0x0000000745400000|100%|HS|  |TAMS 0x0000000745300000, 0x0000000745300000| Complete 
|  52|0x0000000745400000, 0x0000000745500000, 0x0000000745500000|100%|HS|  |TAMS 0x0000000745400000, 0x0000000745400000| Complete 
|  53|0x0000000745500000, 0x0000000745600000, 0x0000000745600000|100%|HS|  |TAMS 0x0000000745500000, 0x0000000745500000| Complete 
|  54|0x0000000745600000, 0x0000000745700000, 0x0000000745700000|100%|HS|  |TAMS 0x0000000745600000, 0x0000000745600000| Complete 
|  55|0x0000000745700000, 0x0000000745800000, 0x0000000745800000|100%|HS|  |TAMS 0x0000000745700000, 0x0000000745700000| Complete 
|  56|0x0000000745800000, 0x0000000745900000, 0x0000000745900000|100%|HS|  |TAMS 0x0000000745800000, 0x0000000745800000| Complete 
|  57|0x0000000745900000, 0x0000000745a00000, 0x0000000745a00000|100%|HS|  |TAMS 0x0000000745900000, 0x0000000745900000| Complete 
|  58|0x0000000745a00000, 0x0000000745b00000, 0x0000000745b00000|100%|HS|  |TAMS 0x0000000745a00000, 0x0000000745a00000| Complete 
|  59|0x0000000745b00000, 0x0000000745c00000, 0x0000000745c00000|100%|HS|  |TAMS 0x0000000745b00000, 0x0000000745b00000| Complete 
|  60|0x0000000745c00000, 0x0000000745d00000, 0x0000000745d00000|100%|HS|  |TAMS 0x0000000745c00000, 0x0000000745c00000| Complete 
|  61|0x0000000745d00000, 0x0000000745e00000, 0x0000000745e00000|100%|HS|  |TAMS 0x0000000745d00000, 0x0000000745d00000| Complete 
|  62|0x0000000745e00000, 0x0000000745f00000, 0x0000000745f00000|100%|HS|  |TAMS 0x0000000745e00000, 0x0000000745e00000| Complete 
|  63|0x0000000745f00000, 0x0000000746000000, 0x0000000746000000|100%|HS|  |TAMS 0x0000000745f00000, 0x0000000745f00000| Complete 
|  64|0x0000000746000000, 0x0000000746100000, 0x0000000746100000|100%|HS|  |TAMS 0x0000000746000000, 0x0000000746000000| Complete 
|  65|0x0000000746100000, 0x0000000746200000, 0x0000000746200000|100%|HS|  |TAMS 0x0000000746100000, 0x0000000746100000| Complete 
|  66|0x0000000746200000, 0x0000000746300000, 0x0000000746300000|100%|HS|  |TAMS 0x0000000746200000, 0x0000000746200000| Complete 
|  67|0x0000000746300000, 0x0000000746400000, 0x0000000746400000|100%|HS|  |TAMS 0x0000000746300000, 0x0000000746300000| Complete 
|  68|0x0000000746400000, 0x0000000746500000, 0x0000000746500000|100%|HS|  |TAMS 0x0000000746400000, 0x0000000746400000| Complete 
|  69|0x0000000746500000, 0x0000000746600000, 0x0000000746600000|100%|HS|  |TAMS 0x0000000746500000, 0x0000000746500000| Complete 
|  70|0x0000000746600000, 0x0000000746700000, 0x0000000746700000|100%|HS|  |TAMS 0x0000000746600000, 0x0000000746600000| Complete 
|  71|0x0000000746700000, 0x0000000746800000, 0x0000000746800000|100%| S|CS|TAMS 0x0000000746700000, 0x0000000746700000| Complete 
|  72|0x0000000746800000, 0x0000000746900000, 0x0000000746900000|100%| S|CS|TAMS 0x0000000746800000, 0x0000000746800000| Complete 
|  73|0x0000000746900000, 0x0000000746a00000, 0x0000000746a00000|100%|HS|  |TAMS 0x0000000746900000, 0x0000000746900000| Complete 
|  74|0x0000000746a00000, 0x0000000746b00000, 0x0000000746b00000|100%|HS|  |TAMS 0x0000000746a00000, 0x0000000746a00000| Complete 
|  75|0x0000000746b00000, 0x0000000746c00000, 0x0000000746c00000|100%|HS|  |TAMS 0x0000000746b00000, 0x0000000746b00000| Complete 
|  76|0x0000000746c00000, 0x0000000746d00000, 0x0000000746d00000|100%| S|CS|TAMS 0x0000000746c00000, 0x0000000746c00000| Complete 
|  77|0x0000000746d00000, 0x0000000746e00000, 0x0000000746e00000|100%| S|CS|TAMS 0x0000000746d00000, 0x0000000746d00000| Complete 
|  78|0x0000000746e00000, 0x0000000746f00000, 0x0000000746f00000|100%| S|CS|TAMS 0x0000000746e00000, 0x0000000746e00000| Complete 
|  79|0x0000000746f00000, 0x0000000747000000, 0x0000000747000000|100%|HS|  |TAMS 0x0000000746f00000, 0x0000000746f00000| Complete 
|  80|0x0000000747000000, 0x0000000747100000, 0x0000000747100000|100%|HS|  |TAMS 0x0000000747000000, 0x0000000747000000| Complete 
|  81|0x0000000747100000, 0x0000000747200000, 0x0000000747200000|100%|HS|  |TAMS 0x0000000747100000, 0x0000000747100000| Complete 
|  82|0x0000000747200000, 0x0000000747300000, 0x0000000747300000|100%|HS|  |TAMS 0x0000000747200000, 0x0000000747200000| Complete 
|  83|0x0000000747300000, 0x0000000747400000, 0x0000000747400000|100%|HS|  |TAMS 0x0000000747300000, 0x0000000747300000| Complete 
|  84|0x0000000747400000, 0x0000000747500000, 0x0000000747500000|100%| E|  |TAMS 0x0000000747400000, 0x0000000747400000| Complete 
|  85|0x0000000747500000, 0x0000000747600000, 0x0000000747600000|100%| E|CS|TAMS 0x0000000747500000, 0x0000000747500000| Complete 
|  86|0x0000000747600000, 0x0000000747700000, 0x0000000747700000|100%| E|CS|TAMS 0x0000000747600000, 0x0000000747600000| Complete 
|  87|0x0000000747700000, 0x0000000747800000, 0x0000000747800000|100%| E|CS|TAMS 0x0000000747700000, 0x0000000747700000| Complete 
|  88|0x0000000747800000, 0x0000000747900000, 0x0000000747900000|100%| E|CS|TAMS 0x0000000747800000, 0x0000000747800000| Complete 
|  89|0x0000000747900000, 0x0000000747a00000, 0x0000000747a00000|100%| E|CS|TAMS 0x0000000747900000, 0x0000000747900000| Complete 
|  90|0x0000000747a00000, 0x0000000747b00000, 0x0000000747b00000|100%| E|CS|TAMS 0x0000000747a00000, 0x0000000747a00000| Complete 
|  91|0x0000000747b00000, 0x0000000747c00000, 0x0000000747c00000|100%| E|CS|TAMS 0x0000000747b00000, 0x0000000747b00000| Complete 
|  92|0x0000000747c00000, 0x0000000747d00000, 0x0000000747d00000|100%| E|CS|TAMS 0x0000000747c00000, 0x0000000747c00000| Complete 
|  93|0x0000000747d00000, 0x0000000747e00000, 0x0000000747e00000|100%| E|CS|TAMS 0x0000000747d00000, 0x0000000747d00000| Complete 
|  94|0x0000000747e00000, 0x0000000747f00000, 0x0000000747f00000|100%| E|CS|TAMS 0x0000000747e00000, 0x0000000747e00000| Complete 
|  95|0x0000000747f00000, 0x0000000748000000, 0x0000000748000000|100%| E|CS|TAMS 0x0000000747f00000, 0x0000000747f00000| Complete 
|  96|0x0000000748000000, 0x0000000748100000, 0x0000000748100000|100%| E|CS|TAMS 0x0000000748000000, 0x0000000748000000| Complete 
|  97|0x0000000748100000, 0x0000000748200000, 0x0000000748200000|100%| E|CS|TAMS 0x0000000748100000, 0x0000000748100000| Complete 
|  98|0x0000000748200000, 0x0000000748300000, 0x0000000748300000|100%| E|CS|TAMS 0x0000000748200000, 0x0000000748200000| Complete 
|  99|0x0000000748300000, 0x0000000748400000, 0x0000000748400000|100%| E|CS|TAMS 0x0000000748300000, 0x0000000748300000| Complete 
| 100|0x0000000748400000, 0x0000000748500000, 0x0000000748500000|100%| E|CS|TAMS 0x0000000748400000, 0x0000000748400000| Complete 
| 101|0x0000000748500000, 0x0000000748600000, 0x0000000748600000|100%| E|CS|TAMS 0x0000000748500000, 0x0000000748500000| Complete 
| 102|0x0000000748600000, 0x0000000748700000, 0x0000000748700000|100%| E|CS|TAMS 0x0000000748600000, 0x0000000748600000| Complete 
| 103|0x0000000748700000, 0x0000000748800000, 0x0000000748800000|100%| E|CS|TAMS 0x0000000748700000, 0x0000000748700000| Complete 
| 104|0x0000000748800000, 0x0000000748900000, 0x0000000748900000|100%| E|CS|TAMS 0x0000000748800000, 0x0000000748800000| Complete 
| 105|0x0000000748900000, 0x0000000748a00000, 0x0000000748a00000|100%| E|CS|TAMS 0x0000000748900000, 0x0000000748900000| Complete 
| 106|0x0000000748a00000, 0x0000000748b00000, 0x0000000748b00000|100%| E|CS|TAMS 0x0000000748a00000, 0x0000000748a00000| Complete 
| 107|0x0000000748b00000, 0x0000000748c00000, 0x0000000748c00000|100%| E|CS|TAMS 0x0000000748b00000, 0x0000000748b00000| Complete 
| 108|0x0000000748c00000, 0x0000000748d00000, 0x0000000748d00000|100%| E|CS|TAMS 0x0000000748c00000, 0x0000000748c00000| Complete 
| 109|0x0000000748d00000, 0x0000000748e00000, 0x0000000748e00000|100%| E|CS|TAMS 0x0000000748d00000, 0x0000000748d00000| Complete 
| 110|0x0000000748e00000, 0x0000000748f00000, 0x0000000748f00000|100%| E|CS|TAMS 0x0000000748e00000, 0x0000000748e00000| Complete 
| 111|0x0000000748f00000, 0x0000000749000000, 0x0000000749000000|100%| E|CS|TAMS 0x0000000748f00000, 0x0000000748f00000| Complete 
| 112|0x0000000749000000, 0x0000000749100000, 0x0000000749100000|100%| E|CS|TAMS 0x0000000749000000, 0x0000000749000000| Complete 
| 113|0x0000000749100000, 0x0000000749200000, 0x0000000749200000|100%| E|CS|TAMS 0x0000000749100000, 0x0000000749100000| Complete 
| 114|0x0000000749200000, 0x0000000749300000, 0x0000000749300000|100%| E|CS|TAMS 0x0000000749200000, 0x0000000749200000| Complete 
| 115|0x0000000749300000, 0x0000000749400000, 0x0000000749400000|100%| E|CS|TAMS 0x0000000749300000, 0x0000000749300000| Complete 
| 116|0x0000000749400000, 0x0000000749500000, 0x0000000749500000|100%| E|CS|TAMS 0x0000000749400000, 0x0000000749400000| Complete 
| 117|0x0000000749500000, 0x0000000749600000, 0x0000000749600000|100%| E|CS|TAMS 0x0000000749500000, 0x0000000749500000| Complete 
| 118|0x0000000749600000, 0x0000000749700000, 0x0000000749700000|100%| E|CS|TAMS 0x0000000749600000, 0x0000000749600000| Complete 
| 119|0x0000000749700000, 0x0000000749800000, 0x0000000749800000|100%| E|CS|TAMS 0x0000000749700000, 0x0000000749700000| Complete 
| 120|0x0000000749800000, 0x0000000749900000, 0x0000000749900000|100%| E|CS|TAMS 0x0000000749800000, 0x0000000749800000| Complete 
| 121|0x0000000749900000, 0x0000000749a00000, 0x0000000749a00000|100%| E|CS|TAMS 0x0000000749900000, 0x0000000749900000| Complete 
| 122|0x0000000749a00000, 0x0000000749b00000, 0x0000000749b00000|100%| E|CS|TAMS 0x0000000749a00000, 0x0000000749a00000| Complete 
| 123|0x0000000749b00000, 0x0000000749c00000, 0x0000000749c00000|100%| E|CS|TAMS 0x0000000749b00000, 0x0000000749b00000| Complete 
| 124|0x0000000749c00000, 0x0000000749d00000, 0x0000000749d00000|100%| E|CS|TAMS 0x0000000749c00000, 0x0000000749c00000| Complete 
| 125|0x0000000749d00000, 0x0000000749e00000, 0x0000000749e00000|100%| E|CS|TAMS 0x0000000749d00000, 0x0000000749d00000| Complete 
| 126|0x0000000749e00000, 0x0000000749f00000, 0x0000000749f00000|100%| E|CS|TAMS 0x0000000749e00000, 0x0000000749e00000| Complete 
| 127|0x0000000749f00000, 0x000000074a000000, 0x000000074a000000|100%| E|CS|TAMS 0x0000000749f00000, 0x0000000749f00000| Complete 
| 128|0x000000074a000000, 0x000000074a100000, 0x000000074a100000|100%| E|CS|TAMS 0x000000074a000000, 0x000000074a000000| Complete 
| 129|0x000000074a100000, 0x000000074a200000, 0x000000074a200000|100%| E|CS|TAMS 0x000000074a100000, 0x000000074a100000| Complete 
| 130|0x000000074a200000, 0x000000074a300000, 0x000000074a300000|100%| E|CS|TAMS 0x000000074a200000, 0x000000074a200000| Complete 
| 131|0x000000074a300000, 0x000000074a400000, 0x000000074a400000|100%| E|CS|TAMS 0x000000074a300000, 0x000000074a300000| Complete 
| 132|0x000000074a400000, 0x000000074a500000, 0x000000074a500000|100%| E|CS|TAMS 0x000000074a400000, 0x000000074a400000| Complete 
| 133|0x000000074a500000, 0x000000074a600000, 0x000000074a600000|100%| E|CS|TAMS 0x000000074a500000, 0x000000074a500000| Complete 
| 134|0x000000074a600000, 0x000000074a700000, 0x000000074a700000|100%| E|CS|TAMS 0x000000074a600000, 0x000000074a600000| Complete 
| 135|0x000000074a700000, 0x000000074a800000, 0x000000074a800000|100%| E|CS|TAMS 0x000000074a700000, 0x000000074a700000| Complete 
| 136|0x000000074a800000, 0x000000074a900000, 0x000000074a900000|100%| E|CS|TAMS 0x000000074a800000, 0x000000074a800000| Complete 
| 137|0x000000074a900000, 0x000000074aa00000, 0x000000074aa00000|100%| E|CS|TAMS 0x000000074a900000, 0x000000074a900000| Complete 
| 138|0x000000074aa00000, 0x000000074ab00000, 0x000000074ab00000|100%| E|CS|TAMS 0x000000074aa00000, 0x000000074aa00000| Complete 
| 139|0x000000074ab00000, 0x000000074ac00000, 0x000000074ac00000|100%| E|CS|TAMS 0x000000074ab00000, 0x000000074ab00000| Complete 
| 140|0x000000074ac00000, 0x000000074ad00000, 0x000000074ad00000|100%| E|CS|TAMS 0x000000074ac00000, 0x000000074ac00000| Complete 
| 141|0x000000074ad00000, 0x000000074ae00000, 0x000000074ae00000|100%| E|CS|TAMS 0x000000074ad00000, 0x000000074ad00000| Complete 
| 142|0x000000074ae00000, 0x000000074af00000, 0x000000074af00000|100%| E|CS|TAMS 0x000000074ae00000, 0x000000074ae00000| Complete 
| 143|0x000000074af00000, 0x000000074b000000, 0x000000074b000000|100%| E|CS|TAMS 0x000000074af00000, 0x000000074af00000| Complete 
| 144|0x000000074b000000, 0x000000074b100000, 0x000000074b100000|100%| E|CS|TAMS 0x000000074b000000, 0x000000074b000000| Complete 
| 145|0x000000074b100000, 0x000000074b200000, 0x000000074b200000|100%| E|CS|TAMS 0x000000074b100000, 0x000000074b100000| Complete 
| 146|0x000000074b200000, 0x000000074b300000, 0x000000074b300000|100%| E|CS|TAMS 0x000000074b200000, 0x000000074b200000| Complete 
| 147|0x000000074b300000, 0x000000074b400000, 0x000000074b400000|100%| E|CS|TAMS 0x000000074b300000, 0x000000074b300000| Complete 
| 148|0x000000074b400000, 0x000000074b500000, 0x000000074b500000|100%| E|CS|TAMS 0x000000074b400000, 0x000000074b400000| Complete 
| 149|0x000000074b500000, 0x000000074b600000, 0x000000074b600000|100%| E|CS|TAMS 0x000000074b500000, 0x000000074b500000| Complete 
| 150|0x000000074b600000, 0x000000074b700000, 0x000000074b700000|100%| E|CS|TAMS 0x000000074b600000, 0x000000074b600000| Complete 
| 151|0x000000074b700000, 0x000000074b800000, 0x000000074b800000|100%| E|CS|TAMS 0x000000074b700000, 0x000000074b700000| Complete 
| 152|0x000000074b800000, 0x000000074b900000, 0x000000074b900000|100%| E|CS|TAMS 0x000000074b800000, 0x000000074b800000| Complete 
| 153|0x000000074b900000, 0x000000074ba00000, 0x000000074ba00000|100%| E|CS|TAMS 0x000000074b900000, 0x000000074b900000| Complete 
| 154|0x000000074ba00000, 0x000000074bb00000, 0x000000074bb00000|100%| E|CS|TAMS 0x000000074ba00000, 0x000000074ba00000| Complete 
| 155|0x000000074bb00000, 0x000000074bc00000, 0x000000074bc00000|100%| E|CS|TAMS 0x000000074bb00000, 0x000000074bb00000| Complete 
| 156|0x000000074bc00000, 0x000000074bd00000, 0x000000074bd00000|100%| E|CS|TAMS 0x000000074bc00000, 0x000000074bc00000| Complete 
| 157|0x000000074bd00000, 0x000000074be00000, 0x000000074be00000|100%| E|CS|TAMS 0x000000074bd00000, 0x000000074bd00000| Complete 
| 158|0x000000074be00000, 0x000000074bf00000, 0x000000074bf00000|100%| E|CS|TAMS 0x000000074be00000, 0x000000074be00000| Complete 
| 159|0x000000074bf00000, 0x000000074c000000, 0x000000074c000000|100%| E|CS|TAMS 0x000000074bf00000, 0x000000074bf00000| Complete 
| 160|0x000000074c000000, 0x000000074c100000, 0x000000074c100000|100%| E|CS|TAMS 0x000000074c000000, 0x000000074c000000| Complete 
| 161|0x000000074c100000, 0x000000074c200000, 0x000000074c200000|100%| E|CS|TAMS 0x000000074c100000, 0x000000074c100000| Complete 
| 162|0x000000074c200000, 0x000000074c300000, 0x000000074c300000|100%| E|CS|TAMS 0x000000074c200000, 0x000000074c200000| Complete 
| 163|0x000000074c300000, 0x000000074c400000, 0x000000074c400000|100%| E|CS|TAMS 0x000000074c300000, 0x000000074c300000| Complete 
| 164|0x000000074c400000, 0x000000074c500000, 0x000000074c500000|100%| E|CS|TAMS 0x000000074c400000, 0x000000074c400000| Complete 
| 165|0x000000074c500000, 0x000000074c600000, 0x000000074c600000|100%| E|CS|TAMS 0x000000074c500000, 0x000000074c500000| Complete 
| 166|0x000000074c600000, 0x000000074c700000, 0x000000074c700000|100%| E|CS|TAMS 0x000000074c600000, 0x000000074c600000| Complete 
| 167|0x000000074c700000, 0x000000074c800000, 0x000000074c800000|100%| E|CS|TAMS 0x000000074c700000, 0x000000074c700000| Complete 
| 168|0x000000074c800000, 0x000000074c900000, 0x000000074c900000|100%| E|CS|TAMS 0x000000074c800000, 0x000000074c800000| Complete 
| 169|0x000000074c900000, 0x000000074ca00000, 0x000000074ca00000|100%| E|CS|TAMS 0x000000074c900000, 0x000000074c900000| Complete 
| 170|0x000000074ca00000, 0x000000074cb00000, 0x000000074cb00000|100%| E|CS|TAMS 0x000000074ca00000, 0x000000074ca00000| Complete 
| 171|0x000000074cb00000, 0x000000074cc00000, 0x000000074cc00000|100%| E|CS|TAMS 0x000000074cb00000, 0x000000074cb00000| Complete 
| 172|0x000000074cc00000, 0x000000074cd00000, 0x000000074cd00000|100%| E|CS|TAMS 0x000000074cc00000, 0x000000074cc00000| Complete 
| 173|0x000000074cd00000, 0x000000074ce00000, 0x000000074ce00000|100%| E|CS|TAMS 0x000000074cd00000, 0x000000074cd00000| Complete 
| 174|0x000000074ce00000, 0x000000074cf00000, 0x000000074cf00000|100%| E|CS|TAMS 0x000000074ce00000, 0x000000074ce00000| Complete 
| 175|0x000000074cf00000, 0x000000074d000000, 0x000000074d000000|100%| E|CS|TAMS 0x000000074cf00000, 0x000000074cf00000| Complete 
| 176|0x000000074d000000, 0x000000074d100000, 0x000000074d100000|100%| E|CS|TAMS 0x000000074d000000, 0x000000074d000000| Complete 
| 177|0x000000074d100000, 0x000000074d200000, 0x000000074d200000|100%| E|CS|TAMS 0x000000074d100000, 0x000000074d100000| Complete 
| 178|0x000000074d200000, 0x000000074d300000, 0x000000074d300000|100%| E|CS|TAMS 0x000000074d200000, 0x000000074d200000| Complete 
| 179|0x000000074d300000, 0x000000074d400000, 0x000000074d400000|100%| E|CS|TAMS 0x000000074d300000, 0x000000074d300000| Complete 
| 180|0x000000074d400000, 0x000000074d500000, 0x000000074d500000|100%| E|CS|TAMS 0x000000074d400000, 0x000000074d400000| Complete 
| 181|0x000000074d500000, 0x000000074d600000, 0x000000074d600000|100%| E|CS|TAMS 0x000000074d500000, 0x000000074d500000| Complete 
| 182|0x000000074d600000, 0x000000074d700000, 0x000000074d700000|100%| E|CS|TAMS 0x000000074d600000, 0x000000074d600000| Complete 
| 183|0x000000074d700000, 0x000000074d800000, 0x000000074d800000|100%| E|CS|TAMS 0x000000074d700000, 0x000000074d700000| Complete 
| 184|0x000000074d800000, 0x000000074d900000, 0x000000074d900000|100%| E|CS|TAMS 0x000000074d800000, 0x000000074d800000| Complete 
| 185|0x000000074d900000, 0x000000074da00000, 0x000000074da00000|100%| E|CS|TAMS 0x000000074d900000, 0x000000074d900000| Complete 
| 186|0x000000074da00000, 0x000000074db00000, 0x000000074db00000|100%| E|CS|TAMS 0x000000074da00000, 0x000000074da00000| Complete 
| 187|0x000000074db00000, 0x000000074dc00000, 0x000000074dc00000|100%| E|CS|TAMS 0x000000074db00000, 0x000000074db00000| Complete 
| 188|0x000000074dc00000, 0x000000074dd00000, 0x000000074dd00000|100%| E|CS|TAMS 0x000000074dc00000, 0x000000074dc00000| Complete 
| 189|0x000000074dd00000, 0x000000074de00000, 0x000000074de00000|100%| E|CS|TAMS 0x000000074dd00000, 0x000000074dd00000| Complete 

Card table byte_map: [0x00000227f01d0000,0x00000227f07c0000] _byte_map_base: 0x00000227ec7c0000

Marking Bits (Prev, Next): (CMBitMap*) 0x00000227d6b07888, (CMBitMap*) 0x00000227d6b078c0
 Prev Bits: [0x00000227f0db0000, 0x00000227f3d30000)
 Next Bits: [0x00000227f3d30000, 0x00000227f6cb0000)

Polling page: 0x00000227d8340000

Metaspace:

Usage:
  Non-class:     14.84 MB capacity,    14.60 MB ( 98%) used,   195.65 KB (  1%) free+waste,    45.56 KB ( <1%) overhead. 
      Class:      1.84 MB capacity,     1.65 MB ( 90%) used,   171.55 KB (  9%) free+waste,    23.94 KB (  1%) overhead. 
       Both:     16.68 MB capacity,    16.25 MB ( 97%) used,   367.20 KB (  2%) free+waste,    69.50 KB ( <1%) overhead. 

Virtual space:
  Non-class space:       16.00 MB reserved,      15.00 MB ( 94%) committed 
      Class space:        1.00 GB reserved,       1.88 MB ( <1%) committed 
             Both:        1.02 GB reserved,      16.88 MB (  2%) committed 

Chunk freelists:
   Non-Class:  5.00 KB
       Class:  3.88 KB
        Both:  8.88 KB

CodeHeap 'non-profiled nmethods': size=120064Kb used=1919Kb max_used=1919Kb free=118144Kb
 bounds [0x00000227e8070000, 0x00000227e82e0000, 0x00000227ef5b0000]
CodeHeap 'profiled nmethods': size=120000Kb used=4648Kb max_used=4648Kb free=115351Kb
 bounds [0x00000227e0b40000, 0x00000227e0fd0000, 0x00000227e8070000]
CodeHeap 'non-nmethods': size=5696Kb used=1229Kb max_used=1263Kb free=4466Kb
 bounds [0x00000227e05b0000, 0x00000227e0820000, 0x00000227e0b40000]
 total_blobs=3727 nmethods=2349 adapters=501
 compilation: enabled
              stopped_count=0, restarted_count=0
 full_count=0

Compilation events (10 events):
Event: 8.901 Thread 0x00000227f935b800 2353       3       java.awt.Toolkit::notifyAWTEventListeners (36 bytes)
Event: 8.902 Thread 0x00000227f935b800 nmethod 2353 0x00000227e0fc6190 code [0x00000227e0fc6380, 0x00000227e0fc69d0]
Event: 8.906 Thread 0x00000227f9358800 2358       4       sun.java2d.SurfaceData::pixelFor (13 bytes)
Event: 8.907 Thread 0x00000227f9358800 nmethod 2358 0x00000227e824fb10 code [0x00000227e824fca0, 0x00000227e824fdd8]
Event: 8.907 Thread 0x00000227f935b800 2359       3       java.awt.image.PackedColorModel::DecomposeMask (118 bytes)
Event: 8.908 Thread 0x00000227f935b800 nmethod 2359 0x00000227e0fc6b10 code [0x00000227e0fc6d60, 0x00000227e0fc7370]
Event: 8.908 Thread 0x00000227f935b800 2360   !   3       sun.java2d.pipe.BufferedRenderPipe::fillRect (102 bytes)
Event: 8.909 Thread 0x00000227f935b800 nmethod 2360 0x00000227e0fc7710 code [0x00000227e0fc79e0, 0x00000227e0fc89d0]
Event: 8.909 Thread 0x00000227f935b800 2361   !   3       sun.java2d.d3d.D3DRenderer::validateContext (70 bytes)
Event: 8.910 Thread 0x00000227f935b800 nmethod 2361 0x00000227e0fc9290 code [0x00000227e0fc94e0, 0x00000227e0fc9da0]

GC Heap History (10 events):
Event: 3.863 GC heap before
{Heap before GC invocations=2 (full 0):
 garbage-first heap   total 194560K, used 120103K [0x0000000742000000, 0x0000000800000000)
  region size 1024K, 114 young (116736K), 3 survivors (3072K)
 Metaspace       used 15610K, capacity 16020K, committed 16256K, reserved 1062912K
  class space    used 1626K, capacity 1793K, committed 1920K, reserved 1048576K
}
Event: 3.867 GC heap after
{Heap after GC invocations=3 (full 0):
 garbage-first heap   total 194560K, used 6115K [0x0000000742000000, 0x0000000800000000)
  region size 1024K, 4 young (4096K), 4 survivors (4096K)
 Metaspace       used 15610K, capacity 16020K, committed 16256K, reserved 1062912K
  class space    used 1626K, capacity 1793K, committed 1920K, reserved 1048576K
}
Event: 4.884 GC heap before
{Heap before GC invocations=3 (full 0):
 garbage-first heap   total 194560K, used 118755K [0x0000000742000000, 0x0000000800000000)
  region size 1024K, 114 young (116736K), 4 survivors (4096K)
 Metaspace       used 15655K, capacity 16116K, committed 16256K, reserved 1062912K
  class space    used 1629K, capacity 1825K, committed 1920K, reserved 1048576K
}
Event: 4.889 GC heap after
{Heap after GC invocations=4 (full 0):
 garbage-first heap   total 194560K, used 6368K [0x0000000742000000, 0x0000000800000000)
  region size 1024K, 4 young (4096K), 4 survivors (4096K)
 Metaspace       used 15655K, capacity 16116K, committed 16256K, reserved 1062912K
  class space    used 1629K, capacity 1825K, committed 1920K, reserved 1048576K
}
Event: 6.061 GC heap before
{Heap before GC invocations=4 (full 0):
 garbage-first heap   total 194560K, used 122080K [0x0000000742000000, 0x0000000800000000)
  region size 1024K, 114 young (116736K), 4 survivors (4096K)
 Metaspace       used 15672K, capacity 16116K, committed 16256K, reserved 1062912K
  class space    used 1630K, capacity 1825K, committed 1920K, reserved 1048576K
}
Event: 6.065 GC heap after
{Heap after GC invocations=5 (full 0):
 garbage-first heap   total 194560K, used 7824K [0x0000000742000000, 0x0000000800000000)
  region size 1024K, 5 young (5120K), 5 survivors (5120K)
 Metaspace       used 15672K, capacity 16116K, committed 16256K, reserved 1062912K
  class space    used 1630K, capacity 1825K, committed 1920K, reserved 1048576K
}
Event: 6.825 GC heap before
{Heap before GC invocations=5 (full 0):
 garbage-first heap   total 194560K, used 119440K [0x0000000742000000, 0x0000000800000000)
  region size 1024K, 114 young (116736K), 5 survivors (5120K)
 Metaspace       used 15672K, capacity 16116K, committed 16256K, reserved 1062912K
  class space    used 1630K, capacity 1825K, committed 1920K, reserved 1048576K
}
Event: 6.830 GC heap after
{Heap after GC invocations=6 (full 0):
 garbage-first heap   total 194560K, used 8393K [0x0000000742000000, 0x0000000800000000)
  region size 1024K, 5 young (5120K), 5 survivors (5120K)
 Metaspace       used 15672K, capacity 16116K, committed 16256K, reserved 1062912K
  class space    used 1630K, capacity 1825K, committed 1920K, reserved 1048576K
}
Event: 7.967 GC heap before
{Heap before GC invocations=6 (full 0):
 garbage-first heap   total 194560K, used 147657K [0x0000000742000000, 0x0000000800000000)
  region size 1024K, 114 young (116736K), 5 survivors (5120K)
 Metaspace       used 16434K, capacity 16852K, committed 17024K, reserved 1064960K
  class space    used 1692K, capacity 1857K, committed 1920K, reserved 1048576K
}
Event: 7.973 GC heap after
{Heap after GC invocations=7 (full 0):
 garbage-first heap   total 194560K, used 33253K [0x0000000742000000, 0x0000000800000000)
  region size 1024K, 5 young (5120K), 5 survivors (5120K)
 Metaspace       used 16434K, capacity 16852K, committed 17024K, reserved 1064960K
  class space    used 1692K, capacity 1857K, committed 1920K, reserved 1048576K
}

Deoptimization events (10 events):
Event: 6.968 Thread 0x00000227fa7bd000 Uncommon trap: reason=unstable_if action=reinterpret pc=0x00000227e81e70d8 method=java.awt.EventQueue.getPriority(Ljava/awt/AWTEvent;)I @ 71 c2
Event: 6.970 Thread 0x00000227fa7bd000 Uncommon trap: reason=unstable_if action=reinterpret pc=0x00000227e81e0568 method=javax.swing.RepaintManager.scheduleHeavyWeightPaints()V @ 13 c2
Event: 7.389 Thread 0x00000227fa7bd000 Uncommon trap: reason=unstable_if action=reinterpret pc=0x00000227e81ebbcc method=javax.swing.SwingUtilities.computeUnion(IIIILjava/awt/Rectangle;)Ljava/awt/Rectangle; @ 6 c2
Event: 7.489 Thread 0x00000227fa7bd000 Uncommon trap: reason=unstable_if action=reinterpret pc=0x00000227e81e1224 method=javax.swing.RepaintManager.validateInvalidComponents()V @ 8 c2
Event: 7.541 Thread 0x00000227fa7bd000 Uncommon trap: reason=unstable_if action=reinterpret pc=0x00000227e81dc358 method=sun.awt.GlobalCursorManager._updateCursor(Z)V @ 37 c2
Event: 7.544 Thread 0x00000227fa7bd000 Uncommon trap: reason=unstable_if action=reinterpret pc=0x00000227e81ca690 method=sun.awt.GlobalCursorManager._updateCursor(Z)V @ 37 c2
Event: 7.549 Thread 0x00000227fa7bd000 Uncommon trap: reason=unstable_if action=reinterpret pc=0x00000227e817959c method=java.awt.EventQueue.setCurrentEventAndMostRecentTimeImpl(Ljava/awt/AWTEvent;)V @ 55 c2
Event: 7.802 Thread 0x00000227fa7bd000 Uncommon trap: reason=unstable_if action=reinterpret pc=0x00000227e80cdd24 method=sun.swing.SwingUtilities2.getFontCharsWidth([CIILjava/awt/FontMetrics;Z)F @ 8 c2
Event: 7.928 Thread 0x00000227fa7bd000 Uncommon trap: reason=unstable_if action=reinterpret pc=0x00000227e8215308 method=javax.swing.text.Utilities.drawTabbedText(Ljavax/swing/text/View;Ljavax/swing/text/Segment;FFLjava/awt/Graphics;Ljavax/swing/text/TabExpander;I[IZ)F @ 398 c2
Event: 7.973 Thread 0x00000227fa1a0000 Uncommon trap: reason=unstable_if action=reinterpret pc=0x00000227e819787c method=java.util.concurrent.locks.AbstractQueuedSynchronizer.addWaiter(Ljava/util/concurrent/locks/AbstractQueuedSynchronizer$Node;)Ljava/util/concurrent/locks/AbstractQueuedSynchr

Classes redefined (0 events):
No events

Internal exceptions (10 events):
Event: 1.545 Thread 0x00000227d6ab6800 Implicit null exception at 0x00000227e0d3e854 to 0x00000227e0d41cbf
Event: 1.545 Thread 0x00000227d6ab6800 Exception <a 'java/lang/NullPointerException'{0x000000074beb7d78}> (0x000000074beb7d78) thrown at [t:/workspace/open/src/hotspot/share/runtime/sharedRuntime.cpp, line 584]
Event: 1.631 Thread 0x00000227d6ab6800 Implicit null exception at 0x00000227e0d3e854 to 0x00000227e0d41cbf
Event: 1.631 Thread 0x00000227d6ab6800 Exception <a 'java/lang/NullPointerException'{0x000000074b91d878}> (0x000000074b91d878) thrown at [t:/workspace/open/src/hotspot/share/runtime/sharedRuntime.cpp, line 584]
Event: 4.750 Thread 0x00000227fa7bd000 Implicit null exception at 0x00000227e815c148 to 0x00000227e815c584
Event: 4.751 Thread 0x00000227fa7bd000 Implicit null exception at 0x00000227e81672b4 to 0x00000227e8167b0e
Event: 4.752 Thread 0x00000227fa7bd000 Implicit null exception at 0x00000227e8174e50 to 0x00000227e8174eab
Event: 4.752 Thread 0x00000227fa7bd000 Implicit null exception at 0x00000227e8166298 to 0x00000227e816678a
Event: 6.955 Thread 0x00000227fa7bd000 Implicit null exception at 0x00000227e813ab6c to 0x00000227e813ad76
Event: 7.489 Thread 0x00000227fa7bd000 Implicit null exception at 0x00000227e81e0924 to 0x00000227e81e1216

Events (10 events):
Event: 7.990 Thread 0x00000227fa7bd000 DEOPT UNPACKING pc=0x00000227e05d8fce sp=0x0000002ca3df9c50 mode 0
Event: 7.998 Thread 0x00000227fa7bd000 DEOPT PACKING pc=0x00000227e0f30826 sp=0x0000002ca3dfa750
Event: 7.998 Thread 0x00000227fa7bd000 DEOPT UNPACKING pc=0x00000227e05d8fce sp=0x0000002ca3df9c50 mode 0
Event: 8.007 Thread 0x00000227fa7bd000 DEOPT PACKING pc=0x00000227e0f30826 sp=0x0000002ca3dfa750
Event: 8.007 Thread 0x00000227fa7bd000 DEOPT UNPACKING pc=0x00000227e05d8fce sp=0x0000002ca3df9c50 mode 0
Event: 8.016 Thread 0x00000227fa7bd000 DEOPT PACKING pc=0x00000227e0f30826 sp=0x0000002ca3dfa750
Event: 8.016 Thread 0x00000227fa7bd000 DEOPT UNPACKING pc=0x00000227e05d8fce sp=0x0000002ca3df9c50 mode 0
Event: 8.231 Thread 0x000002278aef4000 Thread exited: 0x000002278aef4000
Event: 8.460 loading class java/awt/event/MouseWheelEvent
Event: 8.461 loading class java/awt/event/MouseWheelEvent done


Dynamic libraries:
0x00007ff6e7fe0000 - 0x00007ff6e8027000 	J:\Program Files\Java\jdk-11.0.1\bin\java.exe
0x00007ff825e20000 - 0x00007ff82600d000 	C:\Windows\SYSTEM32\ntdll.dll
0x00007ff824de0000 - 0x00007ff824e93000 	C:\Windows\System32\KERNEL32.DLL
0x00007ff822db0000 - 0x00007ff823043000 	C:\Windows\System32\KERNELBASE.dll
0x00007ff8249d0000 - 0x00007ff824a73000 	C:\Windows\System32\ADVAPI32.dll
0x00007ff8254b0000 - 0x00007ff82554e000 	C:\Windows\System32\msvcrt.dll
0x00007ff825aa0000 - 0x00007ff825b3e000 	C:\Windows\System32\sechost.dll
0x00007ff8258a0000 - 0x00007ff8259c2000 	C:\Windows\System32\RPCRT4.dll
0x00007ff825bf0000 - 0x00007ff825d87000 	C:\Windows\System32\USER32.dll
0x00007ff822170000 - 0x00007ff822190000 	C:\Windows\System32\win32u.dll
0x00007ff824a80000 - 0x00007ff824aa9000 	C:\Windows\System32\GDI32.dll
0x00007ff821fd0000 - 0x00007ff82216a000 	C:\Windows\System32\gdi32full.dll
0x00007ff8223c0000 - 0x00007ff822460000 	C:\Windows\System32\msvcp_win.dll
0x00007ff8224c0000 - 0x00007ff8225ba000 	C:\Windows\System32\ucrtbase.dll
0x00007ff8189f0000 - 0x00007ff818c69000 	C:\Windows\WinSxS\amd64_microsoft.windows.common-controls_6595b64144ccf1df_6.0.17763.437_none_05b63dca071e5dd6\COMCTL32.dll
0x00007ff825180000 - 0x00007ff8254ac000 	C:\Windows\System32\combase.dll
0x00007ff81cf10000 - 0x00007ff81cf1a000 	C:\Windows\SYSTEM32\VERSION.dll
0x00007ff8225c0000 - 0x00007ff82263e000 	C:\Windows\System32\bcryptPrimitives.dll
0x00007ff825a50000 - 0x00007ff825a7e000 	C:\Windows\System32\IMM32.DLL
0x00007ff81ebe0000 - 0x00007ff81ebf6000 	J:\Program Files\Java\jdk-11.0.1\bin\vcruntime140.dll
0x00007ff811c40000 - 0x00007ff811cea000 	J:\Program Files\Java\jdk-11.0.1\bin\msvcp140.dll
0x00007ffff6750000 - 0x00007ffff7292000 	J:\Program Files\Java\jdk-11.0.1\bin\server\jvm.dll
0x00007ff825550000 - 0x00007ff825558000 	C:\Windows\System32\PSAPI.DLL
0x00007ffffa040000 - 0x00007ffffa049000 	C:\Windows\SYSTEM32\WSOCK32.dll
0x00007ff825700000 - 0x00007ff82576d000 	C:\Windows\System32\WS2_32.dll
0x00007ff81e800000 - 0x00007ff81e824000 	C:\Windows\SYSTEM32\WINMM.dll
0x00007ff81e7d0000 - 0x00007ff81e7fd000 	C:\Windows\SYSTEM32\WINMMBASE.dll
0x00007ff822370000 - 0x00007ff8223ba000 	C:\Windows\System32\cfgmgr32.dll
0x00007ff821e40000 - 0x00007ff821e51000 	C:\Windows\System32\kernel.appcore.dll
0x00007ff812160000 - 0x00007ff812171000 	J:\Program Files\Java\jdk-11.0.1\bin\verify.dll
0x00007ff80d710000 - 0x00007ff80d8fd000 	C:\Windows\SYSTEM32\DBGHELP.DLL
0x00007ff80d6e0000 - 0x00007ff80d70a000 	C:\Windows\SYSTEM32\dbgcore.DLL
0x00007ff811df0000 - 0x00007ff811e19000 	J:\Program Files\Java\jdk-11.0.1\bin\java.dll
0x00007ff80f2c0000 - 0x00007ff80f2ef000 	J:\Program Files\Java\jdk-11.0.1\bin\instrument.dll
0x00007ff811dd0000 - 0x00007ff811de6000 	J:\Program Files\Java\jdk-11.0.1\bin\zip.dll
0x00007ff81ec40000 - 0x00007ff81ec4a000 	J:\Program Files\Java\jdk-11.0.1\bin\jimage.dll
0x00007ff823050000 - 0x00007ff824540000 	C:\Windows\System32\SHELL32.dll
0x00007ff8250d0000 - 0x00007ff825178000 	C:\Windows\System32\shcore.dll
0x00007ff822640000 - 0x00007ff822d8a000 	C:\Windows\System32\windows.storage.dll
0x00007ff821e60000 - 0x00007ff821e84000 	C:\Windows\System32\profapi.dll
0x00007ff821e90000 - 0x00007ff821eed000 	C:\Windows\System32\powrprof.dll
0x00007ff824c20000 - 0x00007ff824c72000 	C:\Windows\System32\shlwapi.dll
0x00007ff822d90000 - 0x00007ff822da7000 	C:\Windows\System32\cryptsp.dll
0x00007ff811b40000 - 0x00007ff811b59000 	J:\Program Files\Java\jdk-11.0.1\bin\net.dll
0x00007ff8192f0000 - 0x00007ff8193e1000 	C:\Windows\SYSTEM32\WINHTTP.dll
0x00007ff8216a0000 - 0x00007ff821707000 	C:\Windows\system32\mswsock.dll
0x00007ff811b00000 - 0x00007ff811b13000 	J:\Program Files\Java\jdk-11.0.1\bin\nio.dll
0x00007ff80f2a0000 - 0x00007ff80f2ba000 	J:\Program Files\JetBrains\apps\IDEA-U\ch-0\191.6707.61\bin\breakgen64.dll
0x00007ff80b860000 - 0x00007ff80b9ff000 	J:\Program Files\Java\jdk-11.0.1\bin\awt.dll
0x00007ff825560000 - 0x00007ff825624000 	C:\Windows\System32\OLEAUT32.dll
0x00007ff81f330000 - 0x00007ff81f8ee000 	C:\Windows\SYSTEM32\d2d1.dll
0x00007ff8200c0000 - 0x00007ff82014c000 	C:\Windows\SYSTEM32\apphelp.dll
0x00007ff820680000 - 0x00007ff8206ae000 	C:\Windows\system32\DWMAPI.DLL
0x00007ff822190000 - 0x00007ff82236b000 	C:\Windows\System32\CRYPT32.dll
0x00007ff821e20000 - 0x00007ff821e32000 	C:\Windows\System32\MSASN1.dll
0x00007ff820380000 - 0x00007ff82041c000 	C:\Windows\system32\uxtheme.dll
0x00007ff8054f0000 - 0x00007ff805617000 	C:\Windows\system32\opengl32.dll
0x00007ff807500000 - 0x00007ff80752c000 	C:\Windows\SYSTEM32\GLU32.dll
0x00007ff824ab0000 - 0x00007ff824c1a000 	C:\Windows\System32\MSCTF.dll
0x00007ff824c80000 - 0x00007ff824dd5000 	C:\Windows\System32\ole32.dll
0x00007fffe2290000 - 0x00007fffe242e000 	C:\Windows\system32\d3d9.dll
0x00007ff81cfa0000 - 0x00007ff81d08a000 	C:\Windows\System32\DriverStore\FileRepository\nv_ref_pubwu.inf_amd64_2e7fa54192fe16d0\nvldumdx.dll
0x00007ff822460000 - 0x00007ff8224b9000 	C:\Windows\System32\WINTRUST.DLL
0x00007ff825a80000 - 0x00007ff825a9d000 	C:\Windows\System32\imagehlp.dll
0x00007ff821260000 - 0x00007ff821293000 	C:\Windows\system32\rsaenh.dll
0x00007ff821fa0000 - 0x00007ff821fc6000 	C:\Windows\System32\bcrypt.dll
0x00007ff821870000 - 0x00007ff82187c000 	C:\Windows\SYSTEM32\CRYPTBASE.dll
0x00007fffe10b0000 - 0x00007fffe2286000 	C:\Windows\System32\DriverStore\FileRepository\nv_ref_pubwu.inf_amd64_2e7fa54192fe16d0\nvd3dumx.dll
0x00007ff81bd80000 - 0x00007ff81be6b000 	C:\Program Files (x86)\NVIDIA Corporation\3D Vision\nvSCPAPI64.dll
0x00007ff824550000 - 0x00007ff8249c6000 	C:\Windows\System32\SETUPAPI.dll
0x00007ff80bba0000 - 0x00007ff80bc20000 	J:\Program Files\Java\jdk-11.0.1\bin\freetype.dll
0x00007ff80bb30000 - 0x00007ff80bb9f000 	J:\Program Files\Java\jdk-11.0.1\bin\fontmanager.dll
0x00007ff80fd60000 - 0x00007ff80fdf5000 	C:\Windows\System32\TextInputFramework.dll
0x00007ff81fe40000 - 0x00007ff81ff22000 	C:\Windows\System32\CoreMessaging.dll
0x00007ff81d740000 - 0x00007ff81da62000 	C:\Windows\System32\CoreUIComponents.dll
0x00007ff820ee0000 - 0x00007ff820f11000 	C:\Windows\SYSTEM32\ntmarta.dll
0x00007ff81deb0000 - 0x00007ff81e003000 	C:\Windows\SYSTEM32\wintypes.dll
0x00007ff825b40000 - 0x00007ff825be2000 	C:\Windows\System32\clbcatq.dll
0x00007ff81d480000 - 0x00007ff81d638000 	C:\Windows\SYSTEM32\WindowsCodecs.dll
0x00007ff806140000 - 0x00007ff806196000 	C:\Windows\system32\dataexchange.dll
0x00007ff81f900000 - 0x00007ff81fac3000 	C:\Windows\system32\dcomp.dll
0x00007ff81f0b0000 - 0x00007ff81f32e000 	C:\Windows\system32\d3d11.dll
0x00007ff820ba0000 - 0x00007ff820c62000 	C:\Windows\system32\dxgi.dll
0x00007ff820470000 - 0x00007ff82067d000 	C:\Windows\system32\twinapi.appcore.dll
0x00007ff8206b0000 - 0x00007ff8206d8000 	C:\Windows\system32\RMCLIENT.dll
0x00007ffff60b0000 - 0x00007ffff6299000 	C:\Windows\system32\SogouTSF.ime
0x00007ff81c200000 - 0x00007ff81c207000 	C:\Windows\system32\MSIMG32.dll
0x00007ffff5830000 - 0x00007ffff60a6000 	C:\Windows\system32\SogouPy.ime
0x00007ff819600000 - 0x00007ff81966c000 	C:\Windows\SYSTEM32\OLEACC.dll
0x0000000010000000 - 0x000000001010f000 	j:\Program Files (x86)\SogouInput\9.2.0.2785\Resource.dll
0x00007ffff9370000 - 0x00007ffff95d9000 	j:\Program Files (x86)\SogouInput\Components\PicFace\1.1.0.1844\PicFace64.dll
0x00007ff825770000 - 0x00007ff825897000 	C:\Windows\System32\COMDLG32.dll
0x00007ff81e310000 - 0x00007ff81e328000 	j:\Program Files (x86)\SogouInput\Components\VoiceInput\1.0.0.160\VoiceInput64.dll

dbghelp: loaded successfully - version: 4.0.5 - missing functions: none
symbol engine: initialized successfully - sym options: 0x614 - pdb path: .;J:\Program Files\Java\jdk-11.0.1\bin;C:\Windows\SYSTEM32;C:\Windows\WinSxS\amd64_microsoft.windows.common-controls_6595b64144ccf1df_6.0.17763.437_none_05b63dca071e5dd6;J:\Program Files\Java\jdk-11.0.1\bin\server;J:\Program Files\JetBrains\apps\IDEA-U\ch-0\191.6707.61\bin;C:\Windows\System32\DriverStore\FileRepository\nv_ref_pubwu.inf_amd64_2e7fa54192fe16d0;C:\Program Files (x86)\NVIDIA Corporation\3D Vision;j:\Program Files (x86)\SogouInput\9.2.0.2785;j:\Program Files (x86)\SogouInput\Components\PicFace\1.1.0.1844;j:\Program Files (x86)\SogouInput\Components\VoiceInput\1.0.0.160

VM Arguments:
jvm_args: -javaagent:J:\Program Files\JetBrains\apps\IDEA-U\ch-0\191.6707.61\lib\idea_rt.jar=51456:J:\Program Files\JetBrains\apps\IDEA-U\ch-0\191.6707.61\bin -Dfile.encoding=UTF-8 
java_command: Life_swing
java_class_path (initial): J:\java\life_swing\out\production\life_swing
Launcher Type: SUN_STANDARD

[Global flags]
     intx CICompilerCount                          = 3                                         {product} {ergonomic}
     uint ConcGCThreads                            = 1                                         {product} {ergonomic}
     uint G1ConcRefinementThreads                  = 4                                         {product} {ergonomic}
   size_t G1HeapRegionSize                         = 1048576                                   {product} {ergonomic}
    uintx GCDrainStackTargetSize                   = 64                                        {product} {ergonomic}
   size_t InitialHeapSize                          = 199229440                                 {product} {ergonomic}
   size_t MarkStackSize                            = 4194304                                   {product} {ergonomic}
   size_t MaxHeapSize                              = 3187671040                                {product} {ergonomic}
   size_t MaxNewSize                               = 1912602624                                {product} {ergonomic}
   size_t MinHeapDeltaBytes                        = 1048576                                   {product} {ergonomic}
    uintx NonNMethodCodeHeapSize                   = 5830092                                {pd product} {ergonomic}
    uintx NonProfiledCodeHeapSize                  = 122914074                              {pd product} {ergonomic}
    uintx ProfiledCodeHeapSize                     = 122914074                              {pd product} {ergonomic}
    uintx ReservedCodeCacheSize                    = 251658240                              {pd product} {ergonomic}
     bool SegmentedCodeCache                       = true                                      {product} {ergonomic}
     bool UseCompressedClassPointers               = true                                 {lp64_product} {ergonomic}
     bool UseCompressedOops                        = true                                 {lp64_product} {ergonomic}
     bool UseG1GC                                  = true                                      {product} {ergonomic}
     bool UseLargePagesIndividualAllocation        = false                                  {pd product} {ergonomic}

Logging:
Log output configuration:
 #0: stdout all=warning uptime,level,tags
 #1: stderr all=off uptime,level,tags

Environment Variables:
JAVA_HOME=C:\Program Files\Java\jdk1.8.0_201
PATH=J:\Program Files (x86)\NetSarang\Xshell 6\;C:\Program Files (x86)\Common Files\Oracle\Java\javapath;C:\Windows\system32;C:\Windows;C:\Windows\System32\Wbem;C:\Windows\System32\WindowsPowerShell\v1.0\;C:\Windows\System32\OpenSSH\;J:\Program Files\Git\cmd;C:\Program Files\Java\jdk1.8.0_201\bin;C:\Program Files\Java\jdk1.8.0_201\jre\bin;J:\Program Files\010 Editor;C:\Users\18231\AppData\Local\Programs\Python\Python36\Scripts;C:\Program Files\dotnet\;C:\Users\18231\.cargo\bin;C:\Users\18231\AppData\Local\Microsoft\WindowsApps;;C:\Program Files\Microsoft VS Code\bin
USERNAME=18231
OS=Windows_NT
PROCESSOR_IDENTIFIER=Intel64 Family 6 Model 60 Stepping 3, GenuineIntel



---------------  S Y S T E M  ---------------

OS: Windows 10 , 64 bit Build 17763 (10.0.17763.437)

CPU:total 4 (initial active 4) (4 cores per cpu, 1 threads per core) family 6 model 60 stepping 3, cmov, cx8, fxsr, mmx, sse, sse2, sse3, ssse3, sse4.1, sse4.2, popcnt, avx, avx2, aes, clmul, erms, lzcnt, tsc, tscinvbit, bmi1, bmi2, fma

Memory: 4k page, system-wide physical 12157M (747M free)
TotalPageFile size 24882M (AvailPageFile size 0M)
current process WorkingSet (physical memory assigned to process): 316M, peak: 316M
current process commit charge ("private bytes"): 399M, peak: 400M

vm_info: Java HotSpot(TM) 64-Bit Server VM (11.0.1+13-LTS) for windows-amd64 JRE (11.0.1+13-LTS), built on Oct  6 2018 13:20:16 by "mach5one" with MS VC++ 15.5 (VS2017)

END.
